Performing C SOURCE FILE Test CMAKE_HAVE_LIBC_PTHREAD failed with the following output:
Change Dir: /home/abel/Escritorio/git/garbage_collector/build/CMakeFiles/CMakeTmp

Run Build Command(s):/usr/bin/make cmTC_ba57a/fast && /usr/bin/make  -f CMakeFiles/cmTC_ba57a.dir/build.make CMakeFiles/cmTC_ba57a.dir/build
make[1]: se entra en el directorio '/home/abel/Escritorio/git/garbage_collector/build/CMakeFiles/CMakeTmp'
Building C object CMakeFiles/cmTC_ba57a.dir/src.c.o
/usr/bin/cc   -DCMAKE_HAVE_LIBC_PTHREAD   -o CMakeFiles/cmTC_ba57a.dir/src.c.o   -c /home/abel/Escritorio/git/garbage_collector/build/CMakeFiles/CMakeTmp/src.c
Linking C executable cmTC_ba57a
/snap/cmake/340/bin/cmake -E cmake_link_script CMakeFiles/cmTC_ba57a.dir/link.txt --verbose=1
/usr/bin/cc  -DCMAKE_HAVE_LIBC_PTHREAD    -rdynamic CMakeFiles/cmTC_ba57a.dir/src.c.o  -o cmTC_ba57a 
/usr/bin/ld: CMakeFiles/cmTC_ba57a.dir/src.c.o: en la función `main':
src.c:(.text+0x46): referencia a `pthread_create' sin definir
/usr/bin/ld: src.c:(.text+0x52): referencia a `pthread_detach' sin definir
/usr/bin/ld: src.c:(.text+0x5e): referencia a `pthread_cancel' sin definir
/usr/bin/ld: src.c:(.text+0x6f): referencia a `pthread_join' sin definir
collect2: error: ld returned 1 exit status
make[1]: *** [CMakeFiles/cmTC_ba57a.dir/build.make:107: cmTC_ba57a] Error 1
make[1]: se sale del directorio '/home/abel/Escritorio/git/garbage_collector/build/CMakeFiles/CMakeTmp'
make: *** [Makefile:141: cmTC_ba57a/fast] Error 2


Source file was:
#include <pthread.h>

void* test_func(void* data)
{
  return data;
}

int main(void)
{
  pthread_t thread;
  pthread_create(&thread, NULL, test_func, NULL);
  pthread_detach(thread);
  pthread_cancel(thread);
  pthread_join(thread, NULL);
  pthread_atfork(NULL, NULL, NULL);
  pthread_exit(NULL);

  return 0;
}

Determining if the function pthread_create exists in the pthreads failed with the following output:
Change Dir: /home/abel/Escritorio/git/garbage_collector/build/CMakeFiles/CMakeTmp

Run Build Command(s):/usr/bin/make cmTC_cee3a/fast && /usr/bin/make  -f CMakeFiles/cmTC_cee3a.dir/build.make CMakeFiles/cmTC_cee3a.dir/build
make[1]: se entra en el directorio '/home/abel/Escritorio/git/garbage_collector/build/CMakeFiles/CMakeTmp'
Building C object CMakeFiles/cmTC_cee3a.dir/CheckFunctionExists.c.o
/usr/bin/cc   -DCHECK_FUNCTION_EXISTS=pthread_create   -o CMakeFiles/cmTC_cee3a.dir/CheckFunctionExists.c.o   -c /snap/cmake/340/share/cmake-3.17/Modules/CheckFunctionExists.c
Linking C executable cmTC_cee3a
/snap/cmake/340/bin/cmake -E cmake_link_script CMakeFiles/cmTC_cee3a.dir/link.txt --verbose=1
/usr/bin/cc  -DCHECK_FUNCTION_EXISTS=pthread_create    -rdynamic CMakeFiles/cmTC_cee3a.dir/CheckFunctionExists.c.o  -o cmTC_cee3a  -lpthreads 
/usr/bin/ld: no se puede encontrar -lpthreads
collect2: error: ld returned 1 exit status
make[1]: *** [CMakeFiles/cmTC_cee3a.dir/build.make:107: cmTC_cee3a] Error 1
make[1]: se sale del directorio '/home/abel/Escritorio/git/garbage_collector/build/CMakeFiles/CMakeTmp'
make: *** [Makefile:141: cmTC_cee3a/fast] Error 2



